
  .   ____          _            __ _ _
 /\\ / ___'_ __ _ _(_)_ __  __ _ \ \ \ \
( ( )\___ | '_ | '_| | '_ \/ _` | \ \ \ \
 \\/  ___)| |_)| | | | | || (_| |  ) ) ) )
  '  |____| .__|_| |_|_| |_\__, | / / / /
 =========|_|==============|___/=/_/_/_/

 :: Spring Boot ::                (v3.4.0)

2025-12-02T01:10:39.008+07:00  INFO 22256 --- [chat-service] [           main] c.b.chatservice.ChatServiceApplication   : Starting ChatServiceApplication v0.0.1-SNAPSHOT using Java 21.0.9 with PID 22256 (F:\Blur\Backend\chat-service\target\chat-service-0.0.1-SNAPSHOT.jar started by 0978p in F:\Blur)
2025-12-02T01:10:39.011+07:00  INFO 22256 --- [chat-service] [           main] c.b.chatservice.ChatServiceApplication   : No active profile set, falling back to 1 default profile: "default"
2025-12-02T01:10:40.409+07:00  INFO 22256 --- [chat-service] [           main] .s.d.r.c.RepositoryConfigurationDelegate : Multiple Spring Data modules found, entering strict repository configuration mode
2025-12-02T01:10:40.411+07:00  INFO 22256 --- [chat-service] [           main] .s.d.r.c.RepositoryConfigurationDelegate : Bootstrapping Spring Data MongoDB repositories in DEFAULT mode.
2025-12-02T01:10:40.575+07:00  INFO 22256 --- [chat-service] [           main] .s.d.r.c.RepositoryConfigurationDelegate : Finished Spring Data repository scanning in 156 ms. Found 4 MongoDB repository interfaces.
2025-12-02T01:10:40.591+07:00  INFO 22256 --- [chat-service] [           main] .s.d.r.c.RepositoryConfigurationDelegate : Multiple Spring Data modules found, entering strict repository configuration mode
2025-12-02T01:10:40.593+07:00  INFO 22256 --- [chat-service] [           main] .s.d.r.c.RepositoryConfigurationDelegate : Bootstrapping Spring Data Redis repositories in DEFAULT mode.
2025-12-02T01:10:40.609+07:00  INFO 22256 --- [chat-service] [           main] .RepositoryConfigurationExtensionSupport : Spring Data Redis - Could not safely identify store assignment for repository candidate interface com.blur.chatservice.repository.CallSessionRepository; If you want this repository to be a Redis repository, consider annotating your entities with one of these annotations: org.springframework.data.redis.core.RedisHash (preferred), or consider extending one of the following types with your repository: org.springframework.data.keyvalue.repository.KeyValueRepository
2025-12-02T01:10:40.609+07:00  INFO 22256 --- [chat-service] [           main] .RepositoryConfigurationExtensionSupport : Spring Data Redis - Could not safely identify store assignment for repository candidate interface com.blur.chatservice.repository.ChatMessageRepository; If you want this repository to be a Redis repository, consider annotating your entities with one of these annotations: org.springframework.data.redis.core.RedisHash (preferred), or consider extending one of the following types with your repository: org.springframework.data.keyvalue.repository.KeyValueRepository
2025-12-02T01:10:40.609+07:00  INFO 22256 --- [chat-service] [           main] .RepositoryConfigurationExtensionSupport : Spring Data Redis - Could not safely identify store assignment for repository candidate interface com.blur.chatservice.repository.ConversationRepository; If you want this repository to be a Redis repository, consider annotating your entities with one of these annotations: org.springframework.data.redis.core.RedisHash (preferred), or consider extending one of the following types with your repository: org.springframework.data.keyvalue.repository.KeyValueRepository
2025-12-02T01:10:40.609+07:00  INFO 22256 --- [chat-service] [           main] .RepositoryConfigurationExtensionSupport : Spring Data Redis - Could not safely identify store assignment for repository candidate interface com.blur.chatservice.repository.WebsocketSessionRepository; If you want this repository to be a Redis repository, consider annotating your entities with one of these annotations: org.springframework.data.redis.core.RedisHash (preferred), or consider extending one of the following types with your repository: org.springframework.data.keyvalue.repository.KeyValueRepository
2025-12-02T01:10:40.609+07:00  INFO 22256 --- [chat-service] [           main] .s.d.r.c.RepositoryConfigurationDelegate : Finished Spring Data repository scanning in 5 ms. Found 0 Redis repository interfaces.
2025-12-02T01:10:40.881+07:00  INFO 22256 --- [chat-service] [           main] o.s.cloud.context.scope.GenericScope     : BeanFactory id=d1fff943-d77a-3351-a3bb-56aee626acac
2025-12-02T01:10:41.387+07:00  INFO 22256 --- [chat-service] [           main] o.s.b.w.embedded.tomcat.TomcatWebServer  : Tomcat initialized with port 8083 (http)
2025-12-02T01:10:41.406+07:00  INFO 22256 --- [chat-service] [           main] o.apache.catalina.core.StandardService   : Starting service [Tomcat]
2025-12-02T01:10:41.406+07:00  INFO 22256 --- [chat-service] [           main] o.apache.catalina.core.StandardEngine    : Starting Servlet engine: [Apache Tomcat/10.1.33]
2025-12-02T01:10:41.443+07:00  INFO 22256 --- [chat-service] [           main] o.a.c.c.C.[Tomcat].[localhost].[/chat]   : Initializing Spring embedded WebApplicationContext
2025-12-02T01:10:41.444+07:00  INFO 22256 --- [chat-service] [           main] w.s.c.ServletWebServerApplicationContext : Root WebApplicationContext: initialization completed in 2308 ms
2025-12-02T01:10:42.136+07:00  INFO 22256 --- [chat-service] [           main] org.mongodb.driver.client                : MongoClient with metadata {"driver": {"name": "mongo-java-driver|sync|spring-boot", "version": "5.2.1"}, "os": {"type": "Windows", "name": "Windows 11", "architecture": "amd64", "version": "10.0"}, "platform": "Java/Oracle Corporation/21.0.9+7-LTS-338"} created with settings MongoClientSettings{readPreference=primary, writeConcern=WriteConcern{w=null, wTimeout=null ms, journal=null}, retryWrites=true, retryReads=true, readConcern=ReadConcern{level=null}, credential=MongoCredential{mechanism=null, userName='root', source='admin', password=<hidden>, mechanismProperties=<hidden>}, transportSettings=null, commandListeners=[], codecRegistry=ProvidersCodecRegistry{codecProviders=[ValueCodecProvider{}, BsonValueCodecProvider{}, DBRefCodecProvider{}, DBObjectCodecProvider{}, DocumentCodecProvider{}, CollectionCodecProvider{}, IterableCodecProvider{}, MapCodecProvider{}, GeoJsonCodecProvider{}, GridFSFileCodecProvider{}, Jsr310CodecProvider{}, JsonObjectCodecProvider{}, BsonCodecProvider{}, EnumCodecProvider{}, com.mongodb.client.model.mql.ExpressionCodecProvider@2712e8f4, com.mongodb.Jep395RecordCodecProvider@5896cb9c, com.mongodb.KotlinCodecProvider@44b9c7c4]}, loggerSettings=LoggerSettings{maxDocumentLength=1000}, clusterSettings={hosts=[localhost:27017], srvServiceName=mongodb, mode=SINGLE, requiredClusterType=UNKNOWN, requiredReplicaSetName='null', serverSelector='null', clusterListeners='[]', serverSelectionTimeout='30000 ms', localThreshold='15 ms'}, socketSettings=SocketSettings{connectTimeoutMS=10000, readTimeoutMS=0, receiveBufferSize=0, proxySettings=ProxySettings{host=null, port=null, username=null, password=null}}, heartbeatSocketSettings=SocketSettings{connectTimeoutMS=10000, readTimeoutMS=10000, receiveBufferSize=0, proxySettings=ProxySettings{host=null, port=null, username=null, password=null}}, connectionPoolSettings=ConnectionPoolSettings{maxSize=100, minSize=0, maxWaitTimeMS=120000, maxConnectionLifeTimeMS=0, maxConnectionIdleTimeMS=0, maintenanceInitialDelayMS=0, maintenanceFrequencyMS=60000, connectionPoolListeners=[], maxConnecting=2}, serverSettings=ServerSettings{heartbeatFrequencyMS=10000, minHeartbeatFrequencyMS=500, serverMonitoringMode=AUTO, serverListeners='[]', serverMonitorListeners='[]'}, sslSettings=SslSettings{enabled=false, invalidHostNameAllowed=false, context=null}, applicationName='null', compressorList=[], uuidRepresentation=JAVA_LEGACY, serverApi=null, autoEncryptionSettings=null, dnsClient=null, inetAddressResolver=null, contextProvider=null, timeoutMS=null}
2025-12-02T01:10:42.173+07:00  INFO 22256 --- [chat-service] [localhost:27017] org.mongodb.driver.cluster               : Monitor thread successfully connected to server with description ServerDescription{address=localhost:27017, type=STANDALONE, cryptd=false, state=CONNECTED, ok=true, minWireVersion=0, maxWireVersion=17, maxDocumentSize=16777216, logicalSessionTimeoutMinutes=30, roundTripTimeNanos=27317900, minRoundTripTimeNanos=0}
2025-12-02T01:10:43.349+07:00  INFO 22256 --- [chat-service] [           main] c.c.socketio.SocketIOServer              : Session store / pubsub factory used: MemoryStoreFactory (local session store only)
2025-12-02T01:10:43.573+07:00  INFO 22256 --- [chat-service] [ntLoopGroup-4-1] c.c.socketio.SocketIOServer              : SocketIO server started at port: 8099
2025-12-02T01:10:44.538+07:00  INFO 22256 --- [chat-service] [           main] o.s.b.w.embedded.tomcat.TomcatWebServer  : Tomcat started on port 8083 (http) with context path '/chat'
2025-12-02T01:10:44.576+07:00  INFO 22256 --- [chat-service] [           main] c.b.chatservice.ChatServiceApplication   : Started ChatServiceApplication in 7.327 seconds (process running for 8.133)
2025-12-02T01:10:44.985+07:00  INFO 22256 --- [chat-service] [           main] c.b.c.configuration.RedisConfig          : ✅ Cleaned 10 corrupted cache entries from Redis for chat-service
2025-12-02T01:11:39.529+07:00  INFO 22256 --- [chat-service] [0.0-8083-exec-1] o.a.c.c.C.[Tomcat].[localhost].[/chat]   : Initializing Spring DispatcherServlet 'dispatcherServlet'
2025-12-02T01:11:39.530+07:00  INFO 22256 --- [chat-service] [0.0-8083-exec-1] o.s.web.servlet.DispatcherServlet        : Initializing Servlet 'dispatcherServlet'
2025-12-02T01:11:39.534+07:00  INFO 22256 --- [chat-service] [0.0-8083-exec-1] o.s.web.servlet.DispatcherServlet        : Completed initialization in 3 ms
